[INFO] Scanning for projects...
[INFO] 
[INFO] -----------------< com.myFirstProject:myFirstProject >------------------
[INFO] Building myFirstProject 0.0.1-SNAPSHOT
[INFO]   from pom.xml
[INFO] --------------------------------[ jar ]---------------------------------
[INFO] 
[INFO] >>> spring-boot:3.5.7:run (default-cli) > test-compile @ myFirstProject >>>
[INFO] 
[INFO] --- resources:3.3.1:resources (default-resources) @ myFirstProject ---
[INFO] Copying 1 resource from src\main\resources to target\classes
[INFO] Copying 0 resource from src\main\resources to target\classes
[INFO] 
[INFO] --- compiler:3.14.1:compile (default-compile) @ myFirstProject ---
[INFO] Nothing to compile - all classes are up to date.
[INFO] 
[INFO] --- resources:3.3.1:testResources (default-testResources) @ myFirstProject ---
[INFO] skip non existing resourceDirectory C:\Users\Rog\Downloads\MYproject\ecommerceBackend-main\ecommerceBackend-main\src\test\resources
[INFO] 
[INFO] --- compiler:3.14.1:testCompile (default-testCompile) @ myFirstProject ---
[INFO] Nothing to compile - all classes are up to date.
[INFO] 
[INFO] <<< spring-boot:3.5.7:run (default-cli) < test-compile @ myFirstProject <<<
[INFO] 
[INFO] 
[INFO] --- spring-boot:3.5.7:run (default-cli) @ myFirstProject ---
[INFO] Attaching agents: []

  .   ____          _            __ _ _
 /\\ / ___'_ __ _ _(_)_ __  __ _ \ \ \ \
( ( )\___ | '_ | '_| | '_ \/ _` | \ \ \ \
 \\/  ___)| |_)| | | | | || (_| |  ) ) ) )
  '  |____| .__|_| |_|_| |_\__, | / / / /
 =========|_|==============|___/=/_/_/_/

 :: Spring Boot ::                (v3.5.7)

2026-04-02T20:05:04.911+05:30  INFO 15624 --- [  restartedMain] c.m.m.MyFirstProjectApplication          : Starting MyFirstProjectApplication using Java 24.0.1 with PID 15624 (C:\Users\Rog\Downloads\MYproject\ecommerceBackend-main\ecommerceBackend-main\target\classes started by Rog in C:\Users\Rog\Downloads\MYproject\ecommerceBackend-main\ecommerceBackend-main)
2026-04-02T20:05:04.916+05:30  INFO 15624 --- [  restartedMain] c.m.m.MyFirstProjectApplication          : No active profile set, falling back to 1 default profile: "default"
2026-04-02T20:05:04.997+05:30  INFO 15624 --- [  restartedMain] .e.DevToolsPropertyDefaultsPostProcessor : Devtools property defaults active! Set 'spring.devtools.add-properties' to 'false' to disable
2026-04-02T20:05:05.000+05:30  INFO 15624 --- [  restartedMain] .e.DevToolsPropertyDefaultsPostProcessor : For additional web related logging consider setting the 'logging.level.web' property to 'DEBUG'
2026-04-02T20:05:06.260+05:30  INFO 15624 --- [  restartedMain] .s.d.r.c.RepositoryConfigurationDelegate : Bootstrapping Spring Data JPA repositories in DEFAULT mode.
2026-04-02T20:05:06.369+05:30  INFO 15624 --- [  restartedMain] .s.d.r.c.RepositoryConfigurationDelegate : Finished Spring Data repository scanning in 95 ms. Found 4 JPA repository interfaces.
2026-04-02T20:05:07.370+05:30  INFO 15624 --- [  restartedMain] o.s.b.w.embedded.tomcat.TomcatWebServer  : Tomcat initialized with port 8080 (http)
2026-04-02T20:05:07.405+05:30  INFO 15624 --- [  restartedMain] o.apache.catalina.core.StandardService   : Starting service [Tomcat]
2026-04-02T20:05:07.406+05:30  INFO 15624 --- [  restartedMain] o.apache.catalina.core.StandardEngine    : Starting Servlet engine: [Apache Tomcat/10.1.48]
2026-04-02T20:05:07.474+05:30  INFO 15624 --- [  restartedMain] o.a.c.c.C.[Tomcat].[localhost].[/]       : Initializing Spring embedded WebApplicationContext
2026-04-02T20:05:07.475+05:30  INFO 15624 --- [  restartedMain] w.s.c.ServletWebServerApplicationContext : Root WebApplicationContext: initialization completed in 2473 ms
2026-04-02T20:05:07.676+05:30  INFO 15624 --- [  restartedMain] o.hibernate.jpa.internal.util.LogHelper  : HHH000204: Processing PersistenceUnitInfo [name: default]
2026-04-02T20:05:07.754+05:30  INFO 15624 --- [  restartedMain] org.hibernate.Version                    : HHH000412: Hibernate ORM core version 6.6.33.Final
2026-04-02T20:05:07.809+05:30  INFO 15624 --- [  restartedMain] o.h.c.internal.RegionFactoryInitiator    : HHH000026: Second-level cache disabled
2026-04-02T20:05:08.207+05:30  INFO 15624 --- [  restartedMain] o.s.o.j.p.SpringPersistenceUnitInfo      : No LoadTimeWeaver setup: ignoring JPA class transformer
2026-04-02T20:05:08.245+05:30  INFO 15624 --- [  restartedMain] com.zaxxer.hikari.HikariDataSource       : HikariPool-1 - Starting...
2026-04-02T20:05:08.695+05:30  INFO 15624 --- [  restartedMain] com.zaxxer.hikari.pool.HikariPool        : HikariPool-1 - Added connection com.mysql.cj.jdbc.ConnectionImpl@30cd8290
2026-04-02T20:05:08.699+05:30  INFO 15624 --- [  restartedMain] com.zaxxer.hikari.HikariDataSource       : HikariPool-1 - Start completed.
2026-04-02T20:05:08.767+05:30  WARN 15624 --- [  restartedMain] org.hibernate.orm.deprecation            : HHH90000025: MySQLDialect does not need to be specified explicitly using 'hibernate.dialect' (remove the property setting and it will be selected by default)
2026-04-02T20:05:08.793+05:30  INFO 15624 --- [  restartedMain] org.hibernate.orm.connections.pooling    : HHH10001005: Database info:
	Database JDBC URL [Connecting through datasource 'HikariDataSource (HikariPool-1)']
	Database driver: undefined/unknown
	Database version: 8.0.43
	Autocommit mode: undefined/unknown
	Isolation level: undefined/unknown
	Minimum pool size: undefined/unknown
	Maximum pool size: undefined/unknown
2026-04-02T20:05:10.351+05:30  INFO 15624 --- [  restartedMain] o.h.e.t.j.p.i.JtaPlatformInitiator       : HHH000489: No JTA platform available (set 'hibernate.transaction.jta.platform' to enable JTA platform integration)
2026-04-02T20:05:10.617+05:30  INFO 15624 --- [  restartedMain] j.LocalContainerEntityManagerFactoryBean : Initialized JPA EntityManagerFactory for persistence unit 'default'
2026-04-02T20:05:11.931+05:30  INFO 15624 --- [  restartedMain] o.s.d.j.r.query.QueryEnhancerFactory     : Hibernate is in classpath; If applicable, HQL parser will be used.
2026-04-02T20:05:13.752+05:30  WARN 15624 --- [  restartedMain] JpaBaseConfiguration$JpaWebConfiguration : spring.jpa.open-in-view is enabled by default. Therefore, database queries may be performed during view rendering. Explicitly configure spring.jpa.open-in-view to disable this warning
2026-04-02T20:05:13.871+05:30  INFO 15624 --- [  restartedMain] r$InitializeUserDetailsManagerConfigurer : Global AuthenticationManager configured with UserDetailsService bean with name customUserDetailsService
2026-04-02T20:05:14.549+05:30  INFO 15624 --- [  restartedMain] o.s.b.a.h2.H2ConsoleAutoConfiguration    : H2 console available at '/h2-console'. Database available at 'jdbc:mysql://localhost:3306/ecommerce'
2026-04-02T20:05:14.702+05:30  INFO 15624 --- [  restartedMain] o.s.b.d.a.OptionalLiveReloadServer       : LiveReload server is running on port 35729
2026-04-02T20:05:14.772+05:30  INFO 15624 --- [  restartedMain] o.s.b.w.embedded.tomcat.TomcatWebServer  : Tomcat started on port 8080 (http) with context path '/'
2026-04-02T20:05:14.783+05:30  INFO 15624 --- [  restartedMain] c.m.m.MyFirstProjectApplication          : Started MyFirstProjectApplication in 10.659 seconds (process running for 11.276)
2026-04-02T20:05:24.208+05:30  INFO 15624 --- [nio-8080-exec-1] o.a.c.c.C.[Tomcat].[localhost].[/]       : Initializing Spring DispatcherServlet 'dispatcherServlet'
2026-04-02T20:05:24.210+05:30  INFO 15624 --- [nio-8080-exec-1] o.s.web.servlet.DispatcherServlet        : Initializing Servlet 'dispatcherServlet'
2026-04-02T20:05:24.214+05:30  INFO 15624 --- [nio-8080-exec-1] o.s.web.servlet.DispatcherServlet        : Completed initialization in 3 ms
Hibernate: select u1_0.id,u1_0.email,u1_0.name,u1_0.password,u1_0.role from users u1_0 where u1_0.email=?
Hibernate: select u1_0.id,u1_0.email,u1_0.name,u1_0.password,u1_0.role from users u1_0 where u1_0.email=?
Hibernate: insert into users (email,name,password,role) values (?,?,?,?)
Hibernate: insert into users (email,name,password,role) values (?,?,?,?)
Hibernate: insert into cart (total_price,user_id) values (?,?)
Hibernate: insert into cart (total_price,user_id) values (?,?)
Hibernate: select u1_0.id,u1_0.email,u1_0.name,u1_0.password,u1_0.role from users u1_0 where u1_0.email=?
Hibernate: select c1_0.id,c1_0.total_price,c1_0.user_id,u1_0.id,u1_0.email,u1_0.name,u1_0.password,u1_0.role from cart c1_0 join users u1_0 on u1_0.id=c1_0.user_id where c1_0.user_id=?
Hibernate: select u1_0.id,u1_0.email,u1_0.name,u1_0.password,u1_0.role from users u1_0 where u1_0.email=?
Hibernate: select u1_0.id,u1_0.email,u1_0.name,u1_0.password,u1_0.role from users u1_0 where u1_0.name=?
2026-04-02T20:09:43.765+05:30  WARN 15624 --- [nio-8080-exec-8] .w.s.m.a.ResponseStatusExceptionResolver : Resolved [org.springframework.web.server.ResponseStatusException: 401 UNAUTHORIZED "Invalid credentials"]
Hibernate: select u1_0.id,u1_0.email,u1_0.name,u1_0.password,u1_0.role from users u1_0 where u1_0.email=?
Hibernate: select u1_0.id,u1_0.email,u1_0.name,u1_0.password,u1_0.role from users u1_0 where u1_0.name=?
2026-04-02T20:20:43.701+05:30  WARN 15624 --- [nio-8080-exec-2] .w.s.m.a.ResponseStatusExceptionResolver : Resolved [org.springframework.web.server.ResponseStatusException: 401 UNAUTHORIZED "Invalid credentials"]
Hibernate: select u1_0.id,u1_0.email,u1_0.name,u1_0.password,u1_0.role from users u1_0 where u1_0.email=?
Hibernate: insert into users (email,name,password,role) values (?,?,?,?)
Hibernate: insert into cart (total_price,user_id) values (?,?)
Hibernate: select u1_0.id,u1_0.email,u1_0.name,u1_0.password,u1_0.role from users u1_0 where u1_0.email=?
Hibernate: select c1_0.id,c1_0.total_price,c1_0.user_id,u1_0.id,u1_0.email,u1_0.name,u1_0.password,u1_0.role from cart c1_0 join users u1_0 on u1_0.id=c1_0.user_id where c1_0.user_id=?
Hibernate: select u1_0.id,c1_0.id,c1_0.total_price,c1_0.user_id,u1_0.email,u1_0.name,u1_0.password,u1_0.role from users u1_0 left join cart c1_0 on u1_0.id=c1_0.user_id where u1_0.id=?
Hibernate: select p1_0.product_id,p1_0.category,p1_0.discount,p1_0.img_link,p1_0.product_desc,p1_0.product_name,p1_0.product_price,p1_0.slug from products p1_0
Hibernate: select u1_0.id,c1_0.id,c1_0.total_price,c1_0.user_id,u1_0.email,u1_0.name,u1_0.password,u1_0.role from users u1_0 left join cart c1_0 on u1_0.id=c1_0.user_id where u1_0.id=?
Hibernate: select p1_0.product_id,p1_0.category,p1_0.discount,p1_0.img_link,p1_0.product_desc,p1_0.product_name,p1_0.product_price,p1_0.slug from products p1_0
Hibernate: select u1_0.id,c1_0.id,c1_0.total_price,c1_0.user_id,u1_0.email,u1_0.name,u1_0.password,u1_0.role from users u1_0 left join cart c1_0 on u1_0.id=c1_0.user_id where u1_0.id=?
Hibernate: select p1_0.product_id,p1_0.category,p1_0.discount,p1_0.img_link,p1_0.product_desc,p1_0.product_name,p1_0.product_price,p1_0.slug from products p1_0
Hibernate: select u1_0.id,c1_0.id,c1_0.total_price,c1_0.user_id,u1_0.email,u1_0.name,u1_0.password,u1_0.role from users u1_0 left join cart c1_0 on u1_0.id=c1_0.user_id where u1_0.id=?
Hibernate: select p1_0.product_id,p1_0.category,p1_0.discount,p1_0.img_link,p1_0.product_desc,p1_0.product_name,p1_0.product_price,p1_0.slug from products p1_0
Hibernate: select u1_0.id,c1_0.id,c1_0.total_price,c1_0.user_id,u1_0.email,u1_0.name,u1_0.password,u1_0.role from users u1_0 left join cart c1_0 on u1_0.id=c1_0.user_id where u1_0.id=?
Hibernate: select p1_0.product_id,p1_0.category,p1_0.discount,p1_0.img_link,p1_0.product_desc,p1_0.product_name,p1_0.product_price,p1_0.slug from products p1_0
Hibernate: select u1_0.id,c1_0.id,c1_0.total_price,c1_0.user_id,u1_0.email,u1_0.name,u1_0.password,u1_0.role from users u1_0 left join cart c1_0 on u1_0.id=c1_0.user_id where u1_0.id=?
Hibernate: select p1_0.product_id,p1_0.category,p1_0.discount,p1_0.img_link,p1_0.product_desc,p1_0.product_name,p1_0.product_price,p1_0.slug from products p1_0
Hibernate: select u1_0.id,c1_0.id,c1_0.total_price,c1_0.user_id,u1_0.email,u1_0.name,u1_0.password,u1_0.role from users u1_0 left join cart c1_0 on u1_0.id=c1_0.user_id where u1_0.id=?
Hibernate: select p1_0.product_id,p1_0.category,p1_0.discount,p1_0.img_link,p1_0.product_desc,p1_0.product_name,p1_0.product_price,p1_0.slug from products p1_0
Hibernate: select u1_0.id,c1_0.id,c1_0.total_price,c1_0.user_id,u1_0.email,u1_0.name,u1_0.password,u1_0.role from users u1_0 left join cart c1_0 on u1_0.id=c1_0.user_id where u1_0.id=?
Hibernate: select p1_0.product_id,p1_0.category,p1_0.discount,p1_0.img_link,p1_0.product_desc,p1_0.product_name,p1_0.product_price,p1_0.slug from products p1_0
Hibernate: select u1_0.id,c1_0.id,c1_0.total_price,c1_0.user_id,u1_0.email,u1_0.name,u1_0.password,u1_0.role from users u1_0 left join cart c1_0 on u1_0.id=c1_0.user_id where u1_0.id=?
Hibernate: select p1_0.product_id,p1_0.category,p1_0.discount,p1_0.img_link,p1_0.product_desc,p1_0.product_name,p1_0.product_price,p1_0.slug from products p1_0
Hibernate: select u1_0.id,c1_0.id,c1_0.total_price,c1_0.user_id,u1_0.email,u1_0.name,u1_0.password,u1_0.role from users u1_0 left join cart c1_0 on u1_0.id=c1_0.user_id where u1_0.id=?
Hibernate: select p1_0.product_id,p1_0.category,p1_0.discount,p1_0.img_link,p1_0.product_desc,p1_0.product_name,p1_0.product_price,p1_0.slug from products p1_0
Hibernate: select u1_0.id,c1_0.id,c1_0.total_price,c1_0.user_id,u1_0.email,u1_0.name,u1_0.password,u1_0.role from users u1_0 left join cart c1_0 on u1_0.id=c1_0.user_id where u1_0.id=?
Hibernate: select p1_0.product_id,p1_0.category,p1_0.discount,p1_0.img_link,p1_0.product_desc,p1_0.product_name,p1_0.product_price,p1_0.slug from products p1_0
Hibernate: select u1_0.id,c1_0.id,c1_0.total_price,c1_0.user_id,u1_0.email,u1_0.name,u1_0.password,u1_0.role from users u1_0 left join cart c1_0 on u1_0.id=c1_0.user_id where u1_0.id=?
Hibernate: select p1_0.product_id,p1_0.category,p1_0.discount,p1_0.img_link,p1_0.product_desc,p1_0.product_name,p1_0.product_price,p1_0.slug from products p1_0
Hibernate: select u1_0.id,c1_0.id,c1_0.total_price,c1_0.user_id,u1_0.email,u1_0.name,u1_0.password,u1_0.role from users u1_0 left join cart c1_0 on u1_0.id=c1_0.user_id where u1_0.id=?
Hibernate: select u1_0.id,c1_0.id,c1_0.total_price,c1_0.user_id,u1_0.email,u1_0.name,u1_0.password,u1_0.role from users u1_0 left join cart c1_0 on u1_0.id=c1_0.user_id where u1_0.id=?
Hibernate: select u1_0.id,c1_0.id,c1_0.total_price,c1_0.user_id,u1_0.email,u1_0.name,u1_0.password,u1_0.role from users u1_0 left join cart c1_0 on u1_0.id=c1_0.user_id where u1_0.id=?
Hibernate: select o1_0.id,o1_0.created_at,o1_0.payment_method,o1_0.shipping_address,o1_0.status,o1_0.total_price,o1_0.user_id from orders o1_0 left join users u1_0 on u1_0.id=o1_0.user_id where u1_0.id=?
Hibernate: select u1_0.id,c1_0.id,c1_0.total_price,c1_0.user_id,u1_0.email,u1_0.name,u1_0.password,u1_0.role from users u1_0 left join cart c1_0 on u1_0.id=c1_0.user_id where u1_0.id=?
Hibernate: select o1_0.id,o1_0.created_at,o1_0.payment_method,o1_0.shipping_address,o1_0.status,o1_0.total_price,o1_0.user_id from orders o1_0 left join users u1_0 on u1_0.id=o1_0.user_id where u1_0.id=?
Hibernate: select u1_0.id,c1_0.id,c1_0.total_price,c1_0.user_id,u1_0.email,u1_0.name,u1_0.password,u1_0.role from users u1_0 left join cart c1_0 on u1_0.id=c1_0.user_id where u1_0.id=?
Hibernate: select p1_0.product_id,p1_0.category,p1_0.discount,p1_0.img_link,p1_0.product_desc,p1_0.product_name,p1_0.product_price,p1_0.slug from products p1_0
Hibernate: select u1_0.id,c1_0.id,c1_0.total_price,c1_0.user_id,u1_0.email,u1_0.name,u1_0.password,u1_0.role from users u1_0 left join cart c1_0 on u1_0.id=c1_0.user_id where u1_0.id=?
Hibernate: select p1_0.product_id,p1_0.category,p1_0.discount,p1_0.img_link,p1_0.product_desc,p1_0.product_name,p1_0.product_price,p1_0.slug from products p1_0
Hibernate: select u1_0.id,c1_0.id,c1_0.total_price,c1_0.user_id,u1_0.email,u1_0.name,u1_0.password,u1_0.role from users u1_0 left join cart c1_0 on u1_0.id=c1_0.user_id where u1_0.id=?
Hibernate: select p1_0.product_id,p1_0.category,p1_0.discount,p1_0.img_link,p1_0.product_desc,p1_0.product_name,p1_0.product_price,p1_0.slug from products p1_0
Hibernate: select u1_0.id,c1_0.id,c1_0.total_price,c1_0.user_id,u1_0.email,u1_0.name,u1_0.password,u1_0.role from users u1_0 left join cart c1_0 on u1_0.id=c1_0.user_id where u1_0.id=?
Hibernate: select p1_0.product_id,p1_0.category,p1_0.discount,p1_0.img_link,p1_0.product_desc,p1_0.product_name,p1_0.product_price,p1_0.slug from products p1_0
Hibernate: select u1_0.id,u1_0.email,u1_0.name,u1_0.password,u1_0.role from users u1_0 where u1_0.email=?
Hibernate: select c1_0.id,c1_0.total_price,c1_0.user_id,u1_0.id,u1_0.email,u1_0.name,u1_0.password,u1_0.role from cart c1_0 join users u1_0 on u1_0.id=c1_0.user_id where c1_0.user_id=?
Hibernate: select u1_0.id,c1_0.id,c1_0.total_price,c1_0.user_id,u1_0.email,u1_0.name,u1_0.password,u1_0.role from users u1_0 left join cart c1_0 on u1_0.id=c1_0.user_id where u1_0.id=?
Hibernate: select u1_0.id,c1_0.id,c1_0.total_price,c1_0.user_id,u1_0.email,u1_0.name,u1_0.password,u1_0.role from users u1_0 left join cart c1_0 on u1_0.id=c1_0.user_id where u1_0.id=?
Hibernate: select o1_0.id,o1_0.created_at,o1_0.payment_method,o1_0.shipping_address,o1_0.status,o1_0.total_price,o1_0.user_id from orders o1_0 left join users u1_0 on u1_0.id=o1_0.user_id where u1_0.id=?
Hibernate: select u1_0.id,c1_0.id,c1_0.total_price,c1_0.user_id,u1_0.email,u1_0.name,u1_0.password,u1_0.role from users u1_0 left join cart c1_0 on u1_0.id=c1_0.user_id where u1_0.id=?
Hibernate: select u1_0.id,c1_0.id,c1_0.total_price,c1_0.user_id,u1_0.email,u1_0.name,u1_0.password,u1_0.role from users u1_0 left join cart c1_0 on u1_0.id=c1_0.user_id where u1_0.id=?
Hibernate: select o1_0.id,o1_0.created_at,o1_0.payment_method,o1_0.shipping_address,o1_0.status,o1_0.total_price,o1_0.user_id from orders o1_0 left join users u1_0 on u1_0.id=o1_0.user_id where u1_0.id=?
Hibernate: select u1_0.id,c1_0.id,c1_0.total_price,c1_0.user_id,u1_0.email,u1_0.name,u1_0.password,u1_0.role from users u1_0 left join cart c1_0 on u1_0.id=c1_0.user_id where u1_0.id=?
Hibernate: select p1_0.product_id,p1_0.category,p1_0.discount,p1_0.img_link,p1_0.product_desc,p1_0.product_name,p1_0.product_price,p1_0.slug from products p1_0
Hibernate: select u1_0.id,c1_0.id,c1_0.total_price,c1_0.user_id,u1_0.email,u1_0.name,u1_0.password,u1_0.role from users u1_0 left join cart c1_0 on u1_0.id=c1_0.user_id where u1_0.id=?
Hibernate: select p1_0.product_id,p1_0.category,p1_0.discount,p1_0.img_link,p1_0.product_desc,p1_0.product_name,p1_0.product_price,p1_0.slug from products p1_0
Hibernate: select u1_0.id,c1_0.id,c1_0.total_price,c1_0.user_id,u1_0.email,u1_0.name,u1_0.password,u1_0.role from users u1_0 left join cart c1_0 on u1_0.id=c1_0.user_id where u1_0.id=?
Hibernate: select p1_0.product_id,p1_0.category,p1_0.discount,p1_0.img_link,p1_0.product_desc,p1_0.product_name,p1_0.product_price,p1_0.slug from products p1_0
Hibernate: select u1_0.id,c1_0.id,c1_0.total_price,c1_0.user_id,u1_0.email,u1_0.name,u1_0.password,u1_0.role from users u1_0 left join cart c1_0 on u1_0.id=c1_0.user_id where u1_0.id=?
Hibernate: select p1_0.product_id,p1_0.category,p1_0.discount,p1_0.img_link,p1_0.product_desc,p1_0.product_name,p1_0.product_price,p1_0.slug from products p1_0
Hibernate: select u1_0.id,c1_0.id,c1_0.total_price,c1_0.user_id,u1_0.email,u1_0.name,u1_0.password,u1_0.role from users u1_0 left join cart c1_0 on u1_0.id=c1_0.user_id where u1_0.id=?
Hibernate: select p1_0.product_id,p1_0.category,p1_0.discount,p1_0.img_link,p1_0.product_desc,p1_0.product_name,p1_0.product_price,p1_0.slug from products p1_0
Hibernate: select u1_0.id,c1_0.id,c1_0.total_price,c1_0.user_id,u1_0.email,u1_0.name,u1_0.password,u1_0.role from users u1_0 left join cart c1_0 on u1_0.id=c1_0.user_id where u1_0.id=?
Hibernate: select p1_0.product_id,p1_0.category,p1_0.discount,p1_0.img_link,p1_0.product_desc,p1_0.product_name,p1_0.product_price,p1_0.slug from products p1_0
Hibernate: select u1_0.id,c1_0.id,c1_0.total_price,c1_0.user_id,u1_0.email,u1_0.name,u1_0.password,u1_0.role from users u1_0 left join cart c1_0 on u1_0.id=c1_0.user_id where u1_0.id=?
Hibernate: select p1_0.product_id,p1_0.category,p1_0.discount,p1_0.img_link,p1_0.product_desc,p1_0.product_name,p1_0.product_price,p1_0.slug from products p1_0
Hibernate: select u1_0.id,c1_0.id,c1_0.total_price,c1_0.user_id,u1_0.email,u1_0.name,u1_0.password,u1_0.role from users u1_0 left join cart c1_0 on u1_0.id=c1_0.user_id where u1_0.id=?
Hibernate: select p1_0.product_id,p1_0.category,p1_0.discount,p1_0.img_link,p1_0.product_desc,p1_0.product_name,p1_0.product_price,p1_0.slug from products p1_0
Hibernate: select u1_0.id,c1_0.id,c1_0.total_price,c1_0.user_id,u1_0.email,u1_0.name,u1_0.password,u1_0.role from users u1_0 left join cart c1_0 on u1_0.id=c1_0.user_id where u1_0.id=?
Hibernate: select u1_0.id,c1_0.id,c1_0.total_price,c1_0.user_id,u1_0.email,u1_0.name,u1_0.password,u1_0.role from users u1_0 left join cart c1_0 on u1_0.id=c1_0.user_id where u1_0.id=?
Hibernate: select u1_0.id,c1_0.id,c1_0.total_price,c1_0.user_id,u1_0.email,u1_0.name,u1_0.password,u1_0.role from users u1_0 left join cart c1_0 on u1_0.id=c1_0.user_id where u1_0.id=?
Hibernate: select c1_0.id,c1_0.total_price,c1_0.user_id from cart c1_0 left join users u1_0 on u1_0.id=c1_0.user_id where u1_0.id=?
Hibernate: select u1_0.id,c1_0.id,c1_0.total_price,c1_0.user_id,u1_0.email,u1_0.name,u1_0.password,u1_0.role from users u1_0 left join cart c1_0 on u1_0.id=c1_0.user_id where u1_0.id=?
Hibernate: select i1_0.cart_id,i1_0.id,p1_0.product_id,p1_0.category,p1_0.discount,p1_0.img_link,p1_0.product_desc,p1_0.product_name,p1_0.product_price,p1_0.slug,i1_0.quantity from cart_items i1_0 left join products p1_0 on p1_0.product_id=i1_0.product_id where i1_0.cart_id=?
Hibernate: select u1_0.id,c1_0.id,c1_0.total_price,c1_0.user_id,u1_0.email,u1_0.name,u1_0.password,u1_0.role from users u1_0 left join cart c1_0 on u1_0.id=c1_0.user_id where u1_0.id=?
Hibernate: select c1_0.id,c1_0.total_price,c1_0.user_id from cart c1_0 left join users u1_0 on u1_0.id=c1_0.user_id where u1_0.id=?
Hibernate: select u1_0.id,c1_0.id,c1_0.total_price,c1_0.user_id,u1_0.email,u1_0.name,u1_0.password,u1_0.role from users u1_0 left join cart c1_0 on u1_0.id=c1_0.user_id where u1_0.id=?
Hibernate: select i1_0.cart_id,i1_0.id,p1_0.product_id,p1_0.category,p1_0.discount,p1_0.img_link,p1_0.product_desc,p1_0.product_name,p1_0.product_price,p1_0.slug,i1_0.quantity from cart_items i1_0 left join products p1_0 on p1_0.product_id=i1_0.product_id where i1_0.cart_id=?
Hibernate: select u1_0.id,c1_0.id,c1_0.total_price,c1_0.user_id,u1_0.email,u1_0.name,u1_0.password,u1_0.role from users u1_0 left join cart c1_0 on u1_0.id=c1_0.user_id where u1_0.id=?
Hibernate: select p1_0.product_id,p1_0.category,p1_0.discount,p1_0.img_link,p1_0.product_desc,p1_0.product_name,p1_0.product_price,p1_0.slug from products p1_0
Hibernate: select u1_0.id,c1_0.id,c1_0.total_price,c1_0.user_id,u1_0.email,u1_0.name,u1_0.password,u1_0.role from users u1_0 left join cart c1_0 on u1_0.id=c1_0.user_id where u1_0.id=?
Hibernate: select p1_0.product_id,p1_0.category,p1_0.discount,p1_0.img_link,p1_0.product_desc,p1_0.product_name,p1_0.product_price,p1_0.slug from products p1_0
Hibernate: select u1_0.id,c1_0.id,c1_0.total_price,c1_0.user_id,u1_0.email,u1_0.name,u1_0.password,u1_0.role from users u1_0 left join cart c1_0 on u1_0.id=c1_0.user_id where u1_0.id=?
Hibernate: select p1_0.product_id,p1_0.category,p1_0.discount,p1_0.img_link,p1_0.product_desc,p1_0.product_name,p1_0.product_price,p1_0.slug from products p1_0
Hibernate: select u1_0.id,c1_0.id,c1_0.total_price,c1_0.user_id,u1_0.email,u1_0.name,u1_0.password,u1_0.role from users u1_0 left join cart c1_0 on u1_0.id=c1_0.user_id where u1_0.id=?
Hibernate: select p1_0.product_id,p1_0.category,p1_0.discount,p1_0.img_link,p1_0.product_desc,p1_0.product_name,p1_0.product_price,p1_0.slug from products p1_0
